<?xml version="1.0" encoding="UTF-8"?>
<!-- Generated by org.testng.reporters.JUnitXMLReporter -->
<testsuite ignored="0" hostname="Srinivas" failures="0" tests="4" name="Default test" time="0.091" errors="0" timestamp="2022-01-29T16:25:11 IST">
  <testcase classname="com.testng.Temp" name="m1" time="0.011"/>
  <testcase classname="com.testng.Temp" name="m2" time="0.002"/>
  <testcase classname="com.testng.Temp" name="m3" time="0.001"/>
  <testcase classname="com.testng.Temp" name="m5" time="0.001"/>
</testsuite> <!-- Default test -->
