<?xml version="1.0" encoding="UTF-8"?>
<!-- Generated by org.testng.reporters.JUnitXMLReporter -->
<testsuite ignored="0" hostname="Srinivas" failures="0" tests="5" name="Default test" time="0.096" errors="0" timestamp="2022-01-12T09:36:14 IST">
  <testcase classname="com.testng.Experiment_1" name="ce1" time="0.009"/>
  <testcase classname="com.testng.Experiment_1" name="ce2" time="0.003"/>
  <testcase classname="com.testng.Experiment_1" name="ce3" time="0.002"/>
  <testcase classname="com.testng.Experiment_1" name="ce4" time="0.003"/>
  <testcase classname="com.testng.Experiment_1" name="ce5" time="0.005"/>
</testsuite> <!-- Default test -->
