<?xml version="1.0" encoding="UTF-8"?>
<testng-results ignored="0" total="4" passed="4" failed="0" skipped="0">
  <reporter-output>
  </reporter-output>
  <suite started-at="2022-01-29T16:25:11 IST" name="Default suite" finished-at="2022-01-29T16:25:11 IST" duration-ms="91">
    <groups>
    </groups>
    <test started-at="2022-01-29T16:25:11 IST" name="Default test" finished-at="2022-01-29T16:25:11 IST" duration-ms="91">
      <class name="com.testng.Temp">
        <test-method signature="m1()[pri:1, instance:com.testng.Temp@7adda9cc]" started-at="2022-01-29T16:25:11 IST" name="m1" finished-at="2022-01-29T16:25:11 IST" duration-ms="11" status="PASS">
          <reporter-output>
          </reporter-output>
        </test-method> <!-- m1 -->
        <test-method signature="m2()[pri:2, instance:com.testng.Temp@7adda9cc]" started-at="2022-01-29T16:25:11 IST" name="m2" finished-at="2022-01-29T16:25:11 IST" duration-ms="2" status="PASS">
          <reporter-output>
          </reporter-output>
        </test-method> <!-- m2 -->
        <test-method signature="m3()[pri:3, instance:com.testng.Temp@7adda9cc]" started-at="2022-01-29T16:25:11 IST" name="m3" finished-at="2022-01-29T16:25:11 IST" duration-ms="1" status="PASS">
          <reporter-output>
          </reporter-output>
        </test-method> <!-- m3 -->
        <test-method signature="m5()[pri:4, instance:com.testng.Temp@7adda9cc]" started-at="2022-01-29T16:25:11 IST" name="m5" finished-at="2022-01-29T16:25:11 IST" duration-ms="1" status="PASS">
          <reporter-output>
          </reporter-output>
        </test-method> <!-- m5 -->
      </class> <!-- com.testng.Temp -->
    </test> <!-- Default test -->
  </suite> <!-- Default suite -->
</testng-results>
